Using pre-set license
Built from 'HEAD' branch; Version is '2021.3.16f1c1 (56dbfdd6697f) revision 5692413'; Using compiler version '192829333'; Build Type 'Release'
OS: 'Windows 10  (10.0.19045) 64bit Professional' Language: 'zh' Physical Memory: 32602 MB
BatchMode: 1, IsHumanControllingUs: 0, StartBugReporterOnCrash: 0, Is64bit: 1, IsPro: 1

COMMAND LINE ARGUMENTS:
C:\Program Files\Unity\Editor\2021.3.16f1c1\Editor\Unity.exe
-adb2
-batchMode
-noUpm
-name
AssetImportWorker2
-projectPath
D:/weijie/Test/LearnLuaBag
-logFile
Logs/AssetImportWorker2.log
-srvPort
54783
Successfully changed project path to: D:/weijie/Test/LearnLuaBag
D:/weijie/Test/LearnLuaBag
[UnityMemory] Configuration Parameters - Can be set up in boot.config
    "memorysetup-bucket-allocator-granularity=16"
    "memorysetup-bucket-allocator-bucket-count=8"
    "memorysetup-bucket-allocator-block-size=33554432"
    "memorysetup-bucket-allocator-block-count=8"
    "memorysetup-main-allocator-block-size=16777216"
    "memorysetup-thread-allocator-block-size=16777216"
    "memorysetup-gfx-main-allocator-block-size=16777216"
    "memorysetup-gfx-thread-allocator-block-size=16777216"
    "memorysetup-cache-allocator-block-size=4194304"
    "memorysetup-typetree-allocator-block-size=2097152"
    "memorysetup-profiler-bucket-allocator-granularity=16"
    "memorysetup-profiler-bucket-allocator-bucket-count=8"
    "memorysetup-profiler-bucket-allocator-block-size=33554432"
    "memorysetup-profiler-bucket-allocator-block-count=8"
    "memorysetup-profiler-allocator-block-size=16777216"
    "memorysetup-profiler-editor-allocator-block-size=1048576"
    "memorysetup-temp-allocator-size-main=16777216"
    "memorysetup-job-temp-allocator-block-size=2097152"
    "memorysetup-job-temp-allocator-block-size-background=1048576"
    "memorysetup-job-temp-allocator-reduction-small-platforms=262144"
    "memorysetup-temp-allocator-size-background-worker=32768"
    "memorysetup-temp-allocator-size-job-worker=262144"
    "memorysetup-temp-allocator-size-preload-manager=33554432"
    "memorysetup-temp-allocator-size-nav-mesh-worker=65536"
    "memorysetup-temp-allocator-size-audio-worker=65536"
    "memorysetup-temp-allocator-size-cloud-worker=32768"
    "memorysetup-temp-allocator-size-gi-baking-worker=262144"
    "memorysetup-temp-allocator-size-gfx=262144"
Player connection [30772] Host "[IP] 192.168.96.150 [Port] 0 [Flags] 2 [Guid] 2142560930 [EditorId] 2142560930 [Version] 1048832 [Id] WindowsEditor(7,WIN-J81KK12KDQM) [Debug] 1 [PackageName] WindowsEditor [ProjectName] Editor" joined multi-casting on [225.0.0.222:54997]...

Player connection [30772] Host "[IP] 192.168.96.150 [Port] 0 [Flags] 2 [Guid] 2142560930 [EditorId] 2142560930 [Version] 1048832 [Id] WindowsEditor(7,WIN-J81KK12KDQM) [Debug] 1 [PackageName] WindowsEditor [ProjectName] Editor" joined alternative multi-casting on [225.0.0.222:34997]...

AS: AutoStreaming module initializing.
Refreshing native plugins compatible for Editor in 45.49 ms, found 4 plugins.
Preloading 0 native plugins for Editor in 0.00 ms.
Initialize engine version: 2021.3.16f1c1 (56dbfdd6697f)
[Subsystems] Discovering subsystems at path C:/Program Files/Unity/Editor/2021.3.16f1c1/Editor/Data/Resources/UnitySubsystems
[Subsystems] Discovering subsystems at path D:/weijie/Test/LearnLuaBag/Assets
GfxDevice: creating device client; threaded=0; jobified=0
Direct3D:
    Version:  Direct3D 11.0 [level 11.1]
    Renderer: NVIDIA GeForce RTX 3060 (ID=0x2544)
    Vendor:   NVIDIA
    VRAM:     8049 MB
    Driver:   31.0.15.3713
Initialize mono
Mono path[0] = 'C:/Program Files/Unity/Editor/2021.3.16f1c1/Editor/Data/Managed'
Mono path[1] = 'C:/Program Files/Unity/Editor/2021.3.16f1c1/Editor/Data/MonoBleedingEdge/lib/mono/unityjit-win32'
Mono config path = 'C:/Program Files/Unity/Editor/2021.3.16f1c1/Editor/Data/MonoBleedingEdge/etc'
Using monoOptions --debugger-agent=transport=dt_socket,embedding=1,server=y,suspend=n,address=127.0.0.1:56236
Begin MonoManager ReloadAssembly
Registering precompiled unity dll's ...
Register platform support module: C:/Program Files/Unity/Editor/2021.3.16f1c1/Editor/Data/PlaybackEngines/WindowsStandaloneSupport/UnityEditor.WindowsStandalone.Extensions.dll
Registered in 0.007687 seconds.
Native extension for WindowsStandalone target not found
Refreshing native plugins compatible for Editor in 39.36 ms, found 4 plugins.
Preloading 0 native plugins for Editor in 0.00 ms.
Mono: successfully reloaded assembly
- Completed reload, in  0.532 seconds
Domain Reload Profiling:
	ReloadAssembly (533ms)
		BeginReloadAssembly (55ms)
			ExecutionOrderSort (0ms)
			DisableScriptedObjects (0ms)
			BackupInstance (0ms)
			ReleaseScriptingObjects (0ms)
			CreateAndSetChildDomain (0ms)
		EndReloadAssembly (360ms)
			LoadAssemblies (53ms)
			RebuildTransferFunctionScriptingTraits (0ms)
			SetupTypeCache (90ms)
			ReleaseScriptCaches (0ms)
			RebuildScriptCaches (23ms)
			SetupLoadedEditorAssemblies (194ms)
				LogAssemblyErrors (0ms)
				InitializePlatformSupportModulesInManaged (8ms)
				SetLoadedEditorAssemblies (0ms)
				RefreshPlugins (39ms)
				BeforeProcessingInitializeOnLoad (1ms)
				ProcessInitializeOnLoadAttributes (104ms)
				ProcessInitializeOnLoadMethodAttributes (41ms)
				AfterProcessingInitializeOnLoad (0ms)
				EditorAssembliesLoaded (0ms)
			ExecutionOrderSort2 (0ms)
			AwakeInstancesAfterBackupRestoration (0ms)
Platform modules already initialized, skipping
Registering precompiled user dll's ...
Registered in 0.010259 seconds.
Begin MonoManager ReloadAssembly
Native extension for WindowsStandalone target not found
Refreshing native plugins compatible for Editor in 38.81 ms, found 4 plugins.
Preloading 0 native plugins for Editor in 0.00 ms.
Mono: successfully reloaded assembly
- Completed reload, in  0.884 seconds
Domain Reload Profiling:
	ReloadAssembly (885ms)
		BeginReloadAssembly (101ms)
			ExecutionOrderSort (0ms)
			DisableScriptedObjects (5ms)
			BackupInstance (0ms)
			ReleaseScriptingObjects (0ms)
			CreateAndSetChildDomain (16ms)
		EndReloadAssembly (664ms)
			LoadAssemblies (76ms)
			RebuildTransferFunctionScriptingTraits (0ms)
			SetupTypeCache (168ms)
			ReleaseScriptCaches (0ms)
			RebuildScriptCaches (41ms)
			SetupLoadedEditorAssemblies (330ms)
				LogAssemblyErrors (0ms)
				InitializePlatformSupportModulesInManaged (5ms)
				SetLoadedEditorAssemblies (0ms)
				RefreshPlugins (39ms)
				BeforeProcessingInitializeOnLoad (62ms)
				ProcessInitializeOnLoadAttributes (178ms)
				ProcessInitializeOnLoadMethodAttributes (30ms)
				AfterProcessingInitializeOnLoad (16ms)
				EditorAssembliesLoaded (0ms)
			ExecutionOrderSort2 (0ms)
			AwakeInstancesAfterBackupRestoration (8ms)
Platform modules already initialized, skipping
========================================================================
Worker process is ready to serve import requests
Launched and connected shader compiler UnityShaderCompiler.exe after 0.08 seconds
Refreshing native plugins compatible for Editor in 0.46 ms, found 4 plugins.
Preloading 0 native plugins for Editor in 0.00 ms.
Unloading 2280 Unused Serialized files (Serialized files now loaded: 0)
Unloading 44 unused Assets / (56.1 KB). Loaded Objects now: 2733.
Memory consumption went from 106.2 MB to 106.2 MB.
Total: 1.866800 ms (FindLiveObjects: 0.112600 ms CreateObjectMapping: 0.038200 ms MarkObjects: 1.662900 ms  DeleteObjects: 0.052300 ms)

AssetImportParameters requested are different than current active one (requested -> active):
  custom:video-decoder-ogg-theora: a1e56fd34408186e4bbccfd4996cb3dc -> 
  custom:container-muxer-webm: aa71ff27fc2769a1b78a27578f13a17b -> 
  custom:container-demuxer-webm: 4f35f7cbe854078d1ac9338744f61a02 -> 
  custom:video-encoder-webm-vp8: eb34c28f22e8b96e1ab97ce403110664 -> 
  custom:audio-encoder-webm-vorbis: bf7c407c2cedff20999df2af8eb42d56 -> 
  custom:framework-win-MediaFoundation: 216162199b28c13a410421893ffa2e32 -> 
  custom:container-demuxer-ogg: 62fdf1f143b41e24485cea50d1cbac27 -> 
  custom:video-decoder-webm-vp8: 9c59270c3fd7afecdb556c50c9e8de78 -> 
  custom:audio-decoder-ogg-vorbis: bf7c407c2cedff20999df2af8eb42d56 -> 
========================================================================
Received Prepare
Registering precompiled user dll's ...
Registered in 0.011002 seconds.
Begin MonoManager ReloadAssembly
Native extension for WindowsStandalone target not found
Refreshing native plugins compatible for Editor in 0.60 ms, found 4 plugins.
Preloading 0 native plugins for Editor in 0.00 ms.
Mono: successfully reloaded assembly
- Completed reload, in  0.832 seconds
Domain Reload Profiling:
	ReloadAssembly (832ms)
		BeginReloadAssembly (131ms)
			ExecutionOrderSort (0ms)
			DisableScriptedObjects (6ms)
			BackupInstance (0ms)
			ReleaseScriptingObjects (0ms)
			CreateAndSetChildDomain (29ms)
		EndReloadAssembly (598ms)
			LoadAssemblies (84ms)
			RebuildTransferFunctionScriptingTraits (0ms)
			SetupTypeCache (162ms)
			ReleaseScriptCaches (1ms)
			RebuildScriptCaches (34ms)
			SetupLoadedEditorAssemblies (281ms)
				LogAssemblyErrors (0ms)
				InitializePlatformSupportModulesInManaged (12ms)
				SetLoadedEditorAssemblies (0ms)
				RefreshPlugins (1ms)
				BeforeProcessingInitializeOnLoad (57ms)
				ProcessInitializeOnLoadAttributes (165ms)
				ProcessInitializeOnLoadMethodAttributes (28ms)
				AfterProcessingInitializeOnLoad (16ms)
				EditorAssembliesLoaded (0ms)
			ExecutionOrderSort2 (0ms)
			AwakeInstancesAfterBackupRestoration (10ms)
Platform modules already initialized, skipping
Refreshing native plugins compatible for Editor in 3.75 ms, found 4 plugins.
Preloading 0 native plugins for Editor in 0.00 ms.
Unloading 2216 Unused Serialized files (Serialized files now loaded: 0)
Unloading 84 unused Assets / (24.6 KB). Loaded Objects now: 2683.
Memory consumption went from 104.5 MB to 104.5 MB.
Total: 2.414100 ms (FindLiveObjects: 0.212200 ms CreateObjectMapping: 0.051200 ms MarkObjects: 2.121800 ms  DeleteObjects: 0.028200 ms)

AssetImportParameters requested are different than current active one (requested -> active):
  custom:video-decoder-ogg-theora: a1e56fd34408186e4bbccfd4996cb3dc -> 
  custom:container-muxer-webm: aa71ff27fc2769a1b78a27578f13a17b -> 
  custom:container-demuxer-webm: 4f35f7cbe854078d1ac9338744f61a02 -> 
  custom:video-encoder-webm-vp8: eb34c28f22e8b96e1ab97ce403110664 -> 
  custom:audio-encoder-webm-vorbis: bf7c407c2cedff20999df2af8eb42d56 -> 
  custom:framework-win-MediaFoundation: 216162199b28c13a410421893ffa2e32 -> 
  custom:container-demuxer-ogg: 62fdf1f143b41e24485cea50d1cbac27 -> 
  custom:video-decoder-webm-vp8: 9c59270c3fd7afecdb556c50c9e8de78 -> 
  custom:audio-decoder-ogg-vorbis: bf7c407c2cedff20999df2af8eb42d56 -> 
========================================================================
Received Prepare
Registering precompiled user dll's ...
Registered in 0.011071 seconds.
Begin MonoManager ReloadAssembly
Native extension for WindowsStandalone target not found
Refreshing native plugins compatible for Editor in 0.63 ms, found 4 plugins.
Preloading 0 native plugins for Editor in 0.00 ms.
Mono: successfully reloaded assembly
- Completed reload, in  0.831 seconds
Domain Reload Profiling:
	ReloadAssembly (832ms)
		BeginReloadAssembly (129ms)
			ExecutionOrderSort (0ms)
			DisableScriptedObjects (6ms)
			BackupInstance (0ms)
			ReleaseScriptingObjects (0ms)
			CreateAndSetChildDomain (29ms)
		EndReloadAssembly (601ms)
			LoadAssemblies (84ms)
			RebuildTransferFunctionScriptingTraits (0ms)
			SetupTypeCache (160ms)
			ReleaseScriptCaches (1ms)
			RebuildScriptCaches (35ms)
			SetupLoadedEditorAssemblies (282ms)
				LogAssemblyErrors (0ms)
				InitializePlatformSupportModulesInManaged (13ms)
				SetLoadedEditorAssemblies (0ms)
				RefreshPlugins (1ms)
				BeforeProcessingInitializeOnLoad (59ms)
				ProcessInitializeOnLoadAttributes (164ms)
				ProcessInitializeOnLoadMethodAttributes (28ms)
				AfterProcessingInitializeOnLoad (17ms)
				EditorAssembliesLoaded (0ms)
			ExecutionOrderSort2 (0ms)
			AwakeInstancesAfterBackupRestoration (10ms)
Platform modules already initialized, skipping
Refreshing native plugins compatible for Editor in 4.01 ms, found 4 plugins.
Preloading 0 native plugins for Editor in 0.00 ms.
Unloading 2269 Unused Serialized files (Serialized files now loaded: 0)
Unloading 31 unused Assets / (24.7 KB). Loaded Objects now: 2739.
Memory consumption went from 105.6 MB to 105.5 MB.
Total: 2.288100 ms (FindLiveObjects: 0.149400 ms CreateObjectMapping: 0.050500 ms MarkObjects: 2.075400 ms  DeleteObjects: 0.012000 ms)

AssetImportParameters requested are different than current active one (requested -> active):
  custom:video-decoder-ogg-theora: a1e56fd34408186e4bbccfd4996cb3dc -> 
  custom:container-muxer-webm: aa71ff27fc2769a1b78a27578f13a17b -> 
  custom:container-demuxer-webm: 4f35f7cbe854078d1ac9338744f61a02 -> 
  custom:video-encoder-webm-vp8: eb34c28f22e8b96e1ab97ce403110664 -> 
  custom:audio-encoder-webm-vorbis: bf7c407c2cedff20999df2af8eb42d56 -> 
  custom:framework-win-MediaFoundation: 216162199b28c13a410421893ffa2e32 -> 
  custom:container-demuxer-ogg: 62fdf1f143b41e24485cea50d1cbac27 -> 
  custom:video-decoder-webm-vp8: 9c59270c3fd7afecdb556c50c9e8de78 -> 
  custom:audio-decoder-ogg-vorbis: bf7c407c2cedff20999df2af8eb42d56 -> 
========================================================================
Received Prepare
Refreshing native plugins compatible for Editor in 9.81 ms, found 4 plugins.
Preloading 0 native plugins for Editor in 0.00 ms.
Unloading 31 Unused Serialized files (Serialized files now loaded: 0)
Unloading 31 unused Assets / (23.0 KB). Loaded Objects now: 2739.
Memory consumption went from 60.7 MB to 60.7 MB.
Total: 2.981600 ms (FindLiveObjects: 0.184300 ms CreateObjectMapping: 0.052500 ms MarkObjects: 2.718700 ms  DeleteObjects: 0.025200 ms)

AssetImportParameters requested are different than current active one (requested -> active):
  custom:video-decoder-ogg-theora: a1e56fd34408186e4bbccfd4996cb3dc -> 
  custom:container-muxer-webm: aa71ff27fc2769a1b78a27578f13a17b -> 
  custom:container-demuxer-webm: 4f35f7cbe854078d1ac9338744f61a02 -> 
  custom:video-encoder-webm-vp8: eb34c28f22e8b96e1ab97ce403110664 -> 
  custom:audio-encoder-webm-vorbis: bf7c407c2cedff20999df2af8eb42d56 -> 
  custom:framework-win-MediaFoundation: 216162199b28c13a410421893ffa2e32 -> 
  custom:container-demuxer-ogg: 62fdf1f143b41e24485cea50d1cbac27 -> 
  custom:video-decoder-webm-vp8: 9c59270c3fd7afecdb556c50c9e8de78 -> 
  custom:audio-decoder-ogg-vorbis: bf7c407c2cedff20999df2af8eb42d56 -> 
========================================================================
Received Prepare
Refreshing native plugins compatible for Editor in 8.28 ms, found 4 plugins.
Preloading 0 native plugins for Editor in 0.00 ms.
Unloading 31 Unused Serialized files (Serialized files now loaded: 0)
Unloading 31 unused Assets / (21.9 KB). Loaded Objects now: 2739.
Memory consumption went from 60.7 MB to 60.7 MB.
Total: 2.356100 ms (FindLiveObjects: 0.162300 ms CreateObjectMapping: 0.046700 ms MarkObjects: 2.133400 ms  DeleteObjects: 0.013000 ms)

AssetImportParameters requested are different than current active one (requested -> active):
  custom:video-decoder-ogg-theora: a1e56fd34408186e4bbccfd4996cb3dc -> 
  custom:container-muxer-webm: aa71ff27fc2769a1b78a27578f13a17b -> 
  custom:container-demuxer-webm: 4f35f7cbe854078d1ac9338744f61a02 -> 
  custom:video-encoder-webm-vp8: eb34c28f22e8b96e1ab97ce403110664 -> 
  custom:audio-encoder-webm-vorbis: bf7c407c2cedff20999df2af8eb42d56 -> 
  custom:framework-win-MediaFoundation: 216162199b28c13a410421893ffa2e32 -> 
  custom:container-demuxer-ogg: 62fdf1f143b41e24485cea50d1cbac27 -> 
  custom:video-decoder-webm-vp8: 9c59270c3fd7afecdb556c50c9e8de78 -> 
  custom:audio-decoder-ogg-vorbis: bf7c407c2cedff20999df2af8eb42d56 -> 
========================================================================
Received Prepare
Refreshing native plugins compatible for Editor in 7.76 ms, found 4 plugins.
Preloading 0 native plugins for Editor in 0.00 ms.
Unloading 31 Unused Serialized files (Serialized files now loaded: 0)
Unloading 31 unused Assets / (21.9 KB). Loaded Objects now: 2739.
Memory consumption went from 60.7 MB to 60.7 MB.
Total: 2.763500 ms (FindLiveObjects: 0.162300 ms CreateObjectMapping: 0.049000 ms MarkObjects: 2.533900 ms  DeleteObjects: 0.017700 ms)

AssetImportParameters requested are different than current active one (requested -> active):
  custom:video-decoder-ogg-theora: a1e56fd34408186e4bbccfd4996cb3dc -> 
  custom:container-muxer-webm: aa71ff27fc2769a1b78a27578f13a17b -> 
  custom:container-demuxer-webm: 4f35f7cbe854078d1ac9338744f61a02 -> 
  custom:video-encoder-webm-vp8: eb34c28f22e8b96e1ab97ce403110664 -> 
  custom:audio-encoder-webm-vorbis: bf7c407c2cedff20999df2af8eb42d56 -> 
  custom:framework-win-MediaFoundation: 216162199b28c13a410421893ffa2e32 -> 
  custom:container-demuxer-ogg: 62fdf1f143b41e24485cea50d1cbac27 -> 
  custom:video-decoder-webm-vp8: 9c59270c3fd7afecdb556c50c9e8de78 -> 
  custom:audio-decoder-ogg-vorbis: bf7c407c2cedff20999df2af8eb42d56 -> 
========================================================================
Received Prepare
Refreshing native plugins compatible for Editor in 9.64 ms, found 4 plugins.
Preloading 0 native plugins for Editor in 0.00 ms.
Unloading 31 Unused Serialized files (Serialized files now loaded: 0)
Unloading 31 unused Assets / (23.0 KB). Loaded Objects now: 2739.
Memory consumption went from 60.7 MB to 60.7 MB.
Total: 3.400600 ms (FindLiveObjects: 0.338800 ms CreateObjectMapping: 0.064500 ms MarkObjects: 2.971200 ms  DeleteObjects: 0.025100 ms)

AssetImportParameters requested are different than current active one (requested -> active):
  custom:video-decoder-ogg-theora: a1e56fd34408186e4bbccfd4996cb3dc -> 
  custom:container-muxer-webm: aa71ff27fc2769a1b78a27578f13a17b -> 
  custom:container-demuxer-webm: 4f35f7cbe854078d1ac9338744f61a02 -> 
  custom:video-encoder-webm-vp8: eb34c28f22e8b96e1ab97ce403110664 -> 
  custom:audio-encoder-webm-vorbis: bf7c407c2cedff20999df2af8eb42d56 -> 
  custom:framework-win-MediaFoundation: 216162199b28c13a410421893ffa2e32 -> 
  custom:container-demuxer-ogg: 62fdf1f143b41e24485cea50d1cbac27 -> 
  custom:video-decoder-webm-vp8: 9c59270c3fd7afecdb556c50c9e8de78 -> 
  custom:audio-decoder-ogg-vorbis: bf7c407c2cedff20999df2af8eb42d56 -> 
========================================================================
Received Prepare
Refreshing native plugins compatible for Editor in 7.67 ms, found 4 plugins.
Preloading 0 native plugins for Editor in 0.00 ms.
Unloading 31 Unused Serialized files (Serialized files now loaded: 0)
Unloading 31 unused Assets / (21.9 KB). Loaded Objects now: 2739.
Memory consumption went from 60.7 MB to 60.7 MB.
Total: 2.736100 ms (FindLiveObjects: 0.160400 ms CreateObjectMapping: 0.050300 ms MarkObjects: 2.500900 ms  DeleteObjects: 0.023800 ms)

AssetImportParameters requested are different than current active one (requested -> active):
  custom:video-decoder-ogg-theora: a1e56fd34408186e4bbccfd4996cb3dc -> 
  custom:container-muxer-webm: aa71ff27fc2769a1b78a27578f13a17b -> 
  custom:container-demuxer-webm: 4f35f7cbe854078d1ac9338744f61a02 -> 
  custom:video-encoder-webm-vp8: eb34c28f22e8b96e1ab97ce403110664 -> 
  custom:audio-encoder-webm-vorbis: bf7c407c2cedff20999df2af8eb42d56 -> 
  custom:framework-win-MediaFoundation: 216162199b28c13a410421893ffa2e32 -> 
  custom:container-demuxer-ogg: 62fdf1f143b41e24485cea50d1cbac27 -> 
  custom:video-decoder-webm-vp8: 9c59270c3fd7afecdb556c50c9e8de78 -> 
  custom:audio-decoder-ogg-vorbis: bf7c407c2cedff20999df2af8eb42d56 -> 
========================================================================
Received Prepare
Refreshing native plugins compatible for Editor in 7.90 ms, found 4 plugins.
Preloading 0 native plugins for Editor in 0.00 ms.
Unloading 31 Unused Serialized files (Serialized files now loaded: 0)
Unloading 31 unused Assets / (21.9 KB). Loaded Objects now: 2739.
Memory consumption went from 60.7 MB to 60.7 MB.
Total: 2.362900 ms (FindLiveObjects: 0.167100 ms CreateObjectMapping: 0.053300 ms MarkObjects: 2.127900 ms  DeleteObjects: 0.014100 ms)

AssetImportParameters requested are different than current active one (requested -> active):
  custom:video-decoder-ogg-theora: a1e56fd34408186e4bbccfd4996cb3dc -> 
  custom:container-muxer-webm: aa71ff27fc2769a1b78a27578f13a17b -> 
  custom:container-demuxer-webm: 4f35f7cbe854078d1ac9338744f61a02 -> 
  custom:video-encoder-webm-vp8: eb34c28f22e8b96e1ab97ce403110664 -> 
  custom:audio-encoder-webm-vorbis: bf7c407c2cedff20999df2af8eb42d56 -> 
  custom:framework-win-MediaFoundation: 216162199b28c13a410421893ffa2e32 -> 
  custom:container-demuxer-ogg: 62fdf1f143b41e24485cea50d1cbac27 -> 
  custom:video-decoder-webm-vp8: 9c59270c3fd7afecdb556c50c9e8de78 -> 
  custom:audio-decoder-ogg-vorbis: bf7c407c2cedff20999df2af8eb42d56 -> 
========================================================================
Received Prepare
Registering precompiled user dll's ...
Registered in 0.011585 seconds.
Begin MonoManager ReloadAssembly
Native extension for WindowsStandalone target not found
Refreshing native plugins compatible for Editor in 0.59 ms, found 4 plugins.
Preloading 0 native plugins for Editor in 0.00 ms.
Mono: successfully reloaded assembly
- Completed reload, in  0.871 seconds
Domain Reload Profiling:
	ReloadAssembly (871ms)
		BeginReloadAssembly (135ms)
			ExecutionOrderSort (0ms)
			DisableScriptedObjects (6ms)
			BackupInstance (0ms)
			ReleaseScriptingObjects (0ms)
			CreateAndSetChildDomain (28ms)
		EndReloadAssembly (628ms)
			LoadAssemblies (91ms)
			RebuildTransferFunctionScriptingTraits (0ms)
			SetupTypeCache (166ms)
			ReleaseScriptCaches (1ms)
			RebuildScriptCaches (37ms)
			SetupLoadedEditorAssemblies (295ms)
				LogAssemblyErrors (0ms)
				InitializePlatformSupportModulesInManaged (12ms)
				SetLoadedEditorAssemblies (0ms)
				RefreshPlugins (1ms)
				BeforeProcessingInitializeOnLoad (60ms)
				ProcessInitializeOnLoadAttributes (174ms)
				ProcessInitializeOnLoadMethodAttributes (30ms)
				AfterProcessingInitializeOnLoad (17ms)
				EditorAssembliesLoaded (0ms)
			ExecutionOrderSort2 (0ms)
			AwakeInstancesAfterBackupRestoration (9ms)
Platform modules already initialized, skipping
Refreshing native plugins compatible for Editor in 4.39 ms, found 4 plugins.
Preloading 0 native plugins for Editor in 0.00 ms.
Unloading 2269 Unused Serialized files (Serialized files now loaded: 0)
Unloading 31 unused Assets / (24.7 KB). Loaded Objects now: 2742.
Memory consumption went from 105.6 MB to 105.5 MB.
Total: 2.379100 ms (FindLiveObjects: 0.173000 ms CreateObjectMapping: 0.049900 ms MarkObjects: 2.139900 ms  DeleteObjects: 0.015400 ms)

AssetImportParameters requested are different than current active one (requested -> active):
  custom:video-decoder-ogg-theora: a1e56fd34408186e4bbccfd4996cb3dc -> 
  custom:container-muxer-webm: aa71ff27fc2769a1b78a27578f13a17b -> 
  custom:container-demuxer-webm: 4f35f7cbe854078d1ac9338744f61a02 -> 
  custom:video-encoder-webm-vp8: eb34c28f22e8b96e1ab97ce403110664 -> 
  custom:audio-encoder-webm-vorbis: bf7c407c2cedff20999df2af8eb42d56 -> 
  custom:framework-win-MediaFoundation: 216162199b28c13a410421893ffa2e32 -> 
  custom:container-demuxer-ogg: 62fdf1f143b41e24485cea50d1cbac27 -> 
  custom:video-decoder-webm-vp8: 9c59270c3fd7afecdb556c50c9e8de78 -> 
  custom:audio-decoder-ogg-vorbis: bf7c407c2cedff20999df2af8eb42d56 -> 
========================================================================
Received Prepare
Refreshing native plugins compatible for Editor in 11.10 ms, found 4 plugins.
Preloading 0 native plugins for Editor in 0.00 ms.
Unloading 31 Unused Serialized files (Serialized files now loaded: 0)
Unloading 31 unused Assets / (22.0 KB). Loaded Objects now: 2742.
Memory consumption went from 60.7 MB to 60.7 MB.
Total: 3.579000 ms (FindLiveObjects: 0.213700 ms CreateObjectMapping: 0.061400 ms MarkObjects: 3.278200 ms  DeleteObjects: 0.024500 ms)

AssetImportParameters requested are different than current active one (requested -> active):
  custom:video-decoder-ogg-theora: a1e56fd34408186e4bbccfd4996cb3dc -> 
  custom:container-muxer-webm: aa71ff27fc2769a1b78a27578f13a17b -> 
  custom:container-demuxer-webm: 4f35f7cbe854078d1ac9338744f61a02 -> 
  custom:video-encoder-webm-vp8: eb34c28f22e8b96e1ab97ce403110664 -> 
  custom:audio-encoder-webm-vorbis: bf7c407c2cedff20999df2af8eb42d56 -> 
  custom:framework-win-MediaFoundation: 216162199b28c13a410421893ffa2e32 -> 
  custom:container-demuxer-ogg: 62fdf1f143b41e24485cea50d1cbac27 -> 
  custom:video-decoder-webm-vp8: 9c59270c3fd7afecdb556c50c9e8de78 -> 
  custom:audio-decoder-ogg-vorbis: bf7c407c2cedff20999df2af8eb42d56 -> 
========================================================================
Received Prepare
Refreshing native plugins compatible for Editor in 8.09 ms, found 4 plugins.
Preloading 0 native plugins for Editor in 0.00 ms.
Unloading 31 Unused Serialized files (Serialized files now loaded: 0)
Unloading 31 unused Assets / (22.0 KB). Loaded Objects now: 2742.
Memory consumption went from 60.7 MB to 60.7 MB.
Total: 2.528800 ms (FindLiveObjects: 0.166600 ms CreateObjectMapping: 0.047200 ms MarkObjects: 2.287900 ms  DeleteObjects: 0.026100 ms)

AssetImportParameters requested are different than current active one (requested -> active):
  custom:video-decoder-ogg-theora: a1e56fd34408186e4bbccfd4996cb3dc -> 
  custom:container-muxer-webm: aa71ff27fc2769a1b78a27578f13a17b -> 
  custom:container-demuxer-webm: 4f35f7cbe854078d1ac9338744f61a02 -> 
  custom:video-encoder-webm-vp8: eb34c28f22e8b96e1ab97ce403110664 -> 
  custom:audio-encoder-webm-vorbis: bf7c407c2cedff20999df2af8eb42d56 -> 
  custom:framework-win-MediaFoundation: 216162199b28c13a410421893ffa2e32 -> 
  custom:container-demuxer-ogg: 62fdf1f143b41e24485cea50d1cbac27 -> 
  custom:video-decoder-webm-vp8: 9c59270c3fd7afecdb556c50c9e8de78 -> 
  custom:audio-decoder-ogg-vorbis: bf7c407c2cedff20999df2af8eb42d56 -> 
========================================================================
Received Prepare
Refreshing native plugins compatible for Editor in 8.33 ms, found 4 plugins.
Preloading 0 native plugins for Editor in 0.00 ms.
Unloading 31 Unused Serialized files (Serialized files now loaded: 0)
Unloading 31 unused Assets / (23.0 KB). Loaded Objects now: 2742.
Memory consumption went from 60.7 MB to 60.7 MB.
Total: 2.231700 ms (FindLiveObjects: 0.156900 ms CreateObjectMapping: 0.050000 ms MarkObjects: 2.011200 ms  DeleteObjects: 0.013000 ms)

AssetImportParameters requested are different than current active one (requested -> active):
  custom:video-decoder-ogg-theora: a1e56fd34408186e4bbccfd4996cb3dc -> 
  custom:container-muxer-webm: aa71ff27fc2769a1b78a27578f13a17b -> 
  custom:container-demuxer-webm: 4f35f7cbe854078d1ac9338744f61a02 -> 
  custom:video-encoder-webm-vp8: eb34c28f22e8b96e1ab97ce403110664 -> 
  custom:audio-encoder-webm-vorbis: bf7c407c2cedff20999df2af8eb42d56 -> 
  custom:framework-win-MediaFoundation: 216162199b28c13a410421893ffa2e32 -> 
  custom:container-demuxer-ogg: 62fdf1f143b41e24485cea50d1cbac27 -> 
  custom:video-decoder-webm-vp8: 9c59270c3fd7afecdb556c50c9e8de78 -> 
  custom:audio-decoder-ogg-vorbis: bf7c407c2cedff20999df2af8eb42d56 -> 
========================================================================
Received Prepare
Refreshing native plugins compatible for Editor in 9.37 ms, found 4 plugins.
Preloading 0 native plugins for Editor in 0.00 ms.
Unloading 31 Unused Serialized files (Serialized files now loaded: 0)
Unloading 31 unused Assets / (22.0 KB). Loaded Objects now: 2742.
Memory consumption went from 60.7 MB to 60.7 MB.
Total: 2.446800 ms (FindLiveObjects: 0.179000 ms CreateObjectMapping: 0.047000 ms MarkObjects: 2.204000 ms  DeleteObjects: 0.016100 ms)

AssetImportParameters requested are different than current active one (requested -> active):
  custom:video-decoder-ogg-theora: a1e56fd34408186e4bbccfd4996cb3dc -> 
  custom:container-muxer-webm: aa71ff27fc2769a1b78a27578f13a17b -> 
  custom:container-demuxer-webm: 4f35f7cbe854078d1ac9338744f61a02 -> 
  custom:video-encoder-webm-vp8: eb34c28f22e8b96e1ab97ce403110664 -> 
  custom:audio-encoder-webm-vorbis: bf7c407c2cedff20999df2af8eb42d56 -> 
  custom:framework-win-MediaFoundation: 216162199b28c13a410421893ffa2e32 -> 
  custom:container-demuxer-ogg: 62fdf1f143b41e24485cea50d1cbac27 -> 
  custom:video-decoder-webm-vp8: 9c59270c3fd7afecdb556c50c9e8de78 -> 
  custom:audio-decoder-ogg-vorbis: bf7c407c2cedff20999df2af8eb42d56 -> 
========================================================================
Received Prepare
Refreshing native plugins compatible for Editor in 8.57 ms, found 4 plugins.
Preloading 0 native plugins for Editor in 0.00 ms.
Unloading 31 Unused Serialized files (Serialized files now loaded: 0)
Unloading 31 unused Assets / (23.1 KB). Loaded Objects now: 2742.
Memory consumption went from 60.7 MB to 60.7 MB.
Total: 3.205700 ms (FindLiveObjects: 0.193700 ms CreateObjectMapping: 0.078700 ms MarkObjects: 2.901200 ms  DeleteObjects: 0.031300 ms)

AssetImportParameters requested are different than current active one (requested -> active):
  custom:video-decoder-ogg-theora: a1e56fd34408186e4bbccfd4996cb3dc -> 
  custom:container-muxer-webm: aa71ff27fc2769a1b78a27578f13a17b -> 
  custom:container-demuxer-webm: 4f35f7cbe854078d1ac9338744f61a02 -> 
  custom:video-encoder-webm-vp8: eb34c28f22e8b96e1ab97ce403110664 -> 
  custom:audio-encoder-webm-vorbis: bf7c407c2cedff20999df2af8eb42d56 -> 
  custom:framework-win-MediaFoundation: 216162199b28c13a410421893ffa2e32 -> 
  custom:container-demuxer-ogg: 62fdf1f143b41e24485cea50d1cbac27 -> 
  custom:video-decoder-webm-vp8: 9c59270c3fd7afecdb556c50c9e8de78 -> 
  custom:audio-decoder-ogg-vorbis: bf7c407c2cedff20999df2af8eb42d56 -> 
========================================================================
Received Prepare
Refreshing native plugins compatible for Editor in 7.98 ms, found 4 plugins.
Preloading 0 native plugins for Editor in 0.00 ms.
Unloading 31 Unused Serialized files (Serialized files now loaded: 0)
Unloading 31 unused Assets / (22.0 KB). Loaded Objects now: 2742.
Memory consumption went from 60.7 MB to 60.7 MB.
Total: 2.863100 ms (FindLiveObjects: 0.185800 ms CreateObjectMapping: 0.054000 ms MarkObjects: 2.596500 ms  DeleteObjects: 0.026300 ms)

AssetImportParameters requested are different than current active one (requested -> active):
  custom:video-decoder-ogg-theora: a1e56fd34408186e4bbccfd4996cb3dc -> 
  custom:container-muxer-webm: aa71ff27fc2769a1b78a27578f13a17b -> 
  custom:container-demuxer-webm: 4f35f7cbe854078d1ac9338744f61a02 -> 
  custom:video-encoder-webm-vp8: eb34c28f22e8b96e1ab97ce403110664 -> 
  custom:audio-encoder-webm-vorbis: bf7c407c2cedff20999df2af8eb42d56 -> 
  custom:framework-win-MediaFoundation: 216162199b28c13a410421893ffa2e32 -> 
  custom:container-demuxer-ogg: 62fdf1f143b41e24485cea50d1cbac27 -> 
  custom:video-decoder-webm-vp8: 9c59270c3fd7afecdb556c50c9e8de78 -> 
  custom:audio-decoder-ogg-vorbis: bf7c407c2cedff20999df2af8eb42d56 -> 
========================================================================
Received Prepare
Registering precompiled user dll's ...
Registered in 0.011989 seconds.
Begin MonoManager ReloadAssembly
Native extension for WindowsStandalone target not found
Refreshing native plugins compatible for Editor in 0.59 ms, found 4 plugins.
Preloading 0 native plugins for Editor in 0.00 ms.
Mono: successfully reloaded assembly
- Completed reload, in  0.883 seconds
Domain Reload Profiling:
	ReloadAssembly (884ms)
		BeginReloadAssembly (141ms)
			ExecutionOrderSort (0ms)
			DisableScriptedObjects (6ms)
			BackupInstance (0ms)
			ReleaseScriptingObjects (0ms)
			CreateAndSetChildDomain (31ms)
		EndReloadAssembly (635ms)
			LoadAssemblies (93ms)
			RebuildTransferFunctionScriptingTraits (0ms)
			SetupTypeCache (168ms)
			ReleaseScriptCaches (1ms)
			RebuildScriptCaches (39ms)
			SetupLoadedEditorAssemblies (296ms)
				LogAssemblyErrors (0ms)
				InitializePlatformSupportModulesInManaged (13ms)
				SetLoadedEditorAssemblies (0ms)
				RefreshPlugins (1ms)
				BeforeProcessingInitializeOnLoad (59ms)
				ProcessInitializeOnLoadAttributes (175ms)
				ProcessInitializeOnLoadMethodAttributes (30ms)
				AfterProcessingInitializeOnLoad (17ms)
				EditorAssembliesLoaded (0ms)
			ExecutionOrderSort2 (0ms)
			AwakeInstancesAfterBackupRestoration (11ms)
Platform modules already initialized, skipping
Refreshing native plugins compatible for Editor in 4.21 ms, found 4 plugins.
Preloading 0 native plugins for Editor in 0.00 ms.
Unloading 2269 Unused Serialized files (Serialized files now loaded: 0)
Unloading 31 unused Assets / (24.7 KB). Loaded Objects now: 2745.
Memory consumption went from 105.6 MB to 105.6 MB.
Total: 2.751600 ms (FindLiveObjects: 0.180000 ms CreateObjectMapping: 0.050900 ms MarkObjects: 2.488700 ms  DeleteObjects: 0.030900 ms)

AssetImportParameters requested are different than current active one (requested -> active):
  custom:video-decoder-ogg-theora: a1e56fd34408186e4bbccfd4996cb3dc -> 
  custom:container-muxer-webm: aa71ff27fc2769a1b78a27578f13a17b -> 
  custom:container-demuxer-webm: 4f35f7cbe854078d1ac9338744f61a02 -> 
  custom:video-encoder-webm-vp8: eb34c28f22e8b96e1ab97ce403110664 -> 
  custom:audio-encoder-webm-vorbis: bf7c407c2cedff20999df2af8eb42d56 -> 
  custom:framework-win-MediaFoundation: 216162199b28c13a410421893ffa2e32 -> 
  custom:container-demuxer-ogg: 62fdf1f143b41e24485cea50d1cbac27 -> 
  custom:video-decoder-webm-vp8: 9c59270c3fd7afecdb556c50c9e8de78 -> 
  custom:audio-decoder-ogg-vorbis: bf7c407c2cedff20999df2af8eb42d56 -> 
========================================================================
Received Import Request.
  Time since last request: 11857.450251 seconds.
  path: Assets/ArtRes/UI/public/icon_fanhui.png
  artifactKey: Guid(c454260fccb7c514e8c781e97af13c06) Importer(815301076,1909f56bfc062723c751e8b465ee728b)
Start importing Assets/ArtRes/UI/public/icon_fanhui.png using Guid(c454260fccb7c514e8c781e97af13c06) Importer(815301076,1909f56bfc062723c751e8b465ee728b)  -> (artifact id: 'd8b0fc7d88f922438b77681d71155dfc') in 0.099212 seconds 
========================================================================
Received Import Request.
  Time since last request: 0.132533 seconds.
  path: Assets/ArtRes/UI/public/js_name_di.png
  artifactKey: Guid(e108d63990818dd4ebc619b925d5ff91) Importer(815301076,1909f56bfc062723c751e8b465ee728b)
Start importing Assets/ArtRes/UI/public/js_name_di.png using Guid(e108d63990818dd4ebc619b925d5ff91) Importer(815301076,1909f56bfc062723c751e8b465ee728b)  -> (artifact id: 'bdac331b35c8aaf8ddaa73576120dbb9') in 0.018810 seconds 
========================================================================
Received Import Request.
  Time since last request: 0.000018 seconds.
  path: Assets/ArtRes/UI/public/js_chib.png
  artifactKey: Guid(9f83ef54f94f4ee4e81b28305ca8a052) Importer(815301076,1909f56bfc062723c751e8b465ee728b)
Start importing Assets/ArtRes/UI/public/js_chib.png using Guid(9f83ef54f94f4ee4e81b28305ca8a052) Importer(815301076,1909f56bfc062723c751e8b465ee728b)  -> (artifact id: 'cd4aa2faaa4c780d6fcc5d5d1cd64548') in 0.014346 seconds 
========================================================================
Received Import Request.
  Time since last request: 0.000017 seconds.
  path: Assets/ArtRes/UI/public/js_tiao.png
  artifactKey: Guid(c63a0a9d9372bbf4f9bd87d73a9bfc27) Importer(815301076,1909f56bfc062723c751e8b465ee728b)
Start importing Assets/ArtRes/UI/public/js_tiao.png using Guid(c63a0a9d9372bbf4f9bd87d73a9bfc27) Importer(815301076,1909f56bfc062723c751e8b465ee728b)  -> (artifact id: 'b2054902c1d2a6616e6806c28f7a8cb5') in 0.019631 seconds 
========================================================================
Received Import Request.
  Time since last request: 0.573301 seconds.
  path: Assets/ArtRes/UI/public/js_tiao_di.png
  artifactKey: Guid(aaaa285c6edb8cc43ac053d089fde9b4) Importer(815301076,1909f56bfc062723c751e8b465ee728b)
Start importing Assets/ArtRes/UI/public/js_tiao_di.png using Guid(aaaa285c6edb8cc43ac053d089fde9b4) Importer(815301076,1909f56bfc062723c751e8b465ee728b)  -> (artifact id: 'df89a8bb4da8957287531264b4a7fb7e') in 0.009500 seconds 
========================================================================
Received Import Request.
  Time since last request: 1407.226766 seconds.
  path: Assets/ArtRes/UI/icon/主角装备/射手/1级猎人/2.png
  artifactKey: Guid(2e620d6ef8a94014ab0e5223c760f001) Importer(815301076,1909f56bfc062723c751e8b465ee728b)
Start importing Assets/ArtRes/UI/icon/主角装备/射手/1级猎人/2.png using Guid(2e620d6ef8a94014ab0e5223c760f001) Importer(815301076,1909f56bfc062723c751e8b465ee728b)  -> (artifact id: 'f809d2fb3d6611dcf610981d6271d464') in 0.010686 seconds 
========================================================================
Received Import Request.
  Time since last request: 0.124282 seconds.
  path: Assets/ArtRes/UI/icon/道具图标/消耗品/药水/3.png
  artifactKey: Guid(9da4e2b466c6e0645977d7f53d28068f) Importer(815301076,1909f56bfc062723c751e8b465ee728b)
Start importing Assets/ArtRes/UI/icon/道具图标/消耗品/药水/3.png using Guid(9da4e2b466c6e0645977d7f53d28068f) Importer(815301076,1909f56bfc062723c751e8b465ee728b)  -> (artifact id: '128d1c87fd2f5b7c05d417eed2931879') in 0.011269 seconds 
========================================================================
Received Import Request.
  Time since last request: 0.000015 seconds.
  path: Assets/ArtRes/UI/icon/宠物装备/6.png
  artifactKey: Guid(bd255eda1961c5649b79535cfcee40a0) Importer(815301076,1909f56bfc062723c751e8b465ee728b)
Start importing Assets/ArtRes/UI/icon/宠物装备/6.png using Guid(bd255eda1961c5649b79535cfcee40a0) Importer(815301076,1909f56bfc062723c751e8b465ee728b)  -> (artifact id: '28e869695c5bdcb0582974c66fad1848') in 0.014026 seconds 
========================================================================
Received Import Request.
  Time since last request: 0.000017 seconds.
  path: Assets/ArtRes/UI/icon/宠物装备/5.png
  artifactKey: Guid(a5140d3a7dcd2f946b162a78f9e6d476) Importer(815301076,1909f56bfc062723c751e8b465ee728b)
Start importing Assets/ArtRes/UI/icon/宠物装备/5.png using Guid(a5140d3a7dcd2f946b162a78f9e6d476) Importer(815301076,1909f56bfc062723c751e8b465ee728b)  -> (artifact id: '9fd945845cf080860824ce6c553af2c3') in 0.012278 seconds 
========================================================================
Received Import Request.
  Time since last request: 2.534157 seconds.
  path: Assets/ArtRes/UI/Role/24_11200002.png
  artifactKey: Guid(0336984603ebb2e43be806e26ca7f6ab) Importer(815301076,1909f56bfc062723c751e8b465ee728b)
Start importing Assets/ArtRes/UI/Role/24_11200002.png using Guid(0336984603ebb2e43be806e26ca7f6ab) Importer(815301076,1909f56bfc062723c751e8b465ee728b)  -> (artifact id: 'a00b890508970c03e47bdc35ab86a534') in 0.010421 seconds 
========================================================================
Received Import Request.
  Time since last request: 0.000028 seconds.
  path: Assets/ArtRes/UI/icon/主角装备/战士/1级战士/37_22120037.png
  artifactKey: Guid(da0c301239b381e4e9816cfe01615150) Importer(815301076,1909f56bfc062723c751e8b465ee728b)
Start importing Assets/ArtRes/UI/icon/主角装备/战士/1级战士/37_22120037.png using Guid(da0c301239b381e4e9816cfe01615150) Importer(815301076,1909f56bfc062723c751e8b465ee728b)  -> (artifact id: '024d8bec11a14bbe4dccbcfcd4dd1071') in 0.021527 seconds 
========================================================================
Received Import Request.
  Time since last request: 0.000043 seconds.
  path: Assets/ArtRes/UI/icon/主角装备/战士/1级战士/86_22150086.png
  artifactKey: Guid(af97ecb7457d9d54c9657f23f88c3258) Importer(815301076,1909f56bfc062723c751e8b465ee728b)
Start importing Assets/ArtRes/UI/icon/主角装备/战士/1级战士/86_22150086.png using Guid(af97ecb7457d9d54c9657f23f88c3258) Importer(815301076,1909f56bfc062723c751e8b465ee728b)  -> (artifact id: '2cfabbdc76ce84f2a9c0165af9f7e5d9') in 0.009391 seconds 
========================================================================
Received Import Request.
  Time since last request: 0.030208 seconds.
  path: Assets/ArtRes/UI/public/js_zhang.png
  artifactKey: Guid(333954aecf03d7241a0896ad00b382fd) Importer(815301076,1909f56bfc062723c751e8b465ee728b)
Start importing Assets/ArtRes/UI/public/js_zhang.png using Guid(333954aecf03d7241a0896ad00b382fd) Importer(815301076,1909f56bfc062723c751e8b465ee728b)  -> (artifact id: '695523d35feccd833d760a06184419ca') in 0.008835 seconds 
========================================================================
Received Import Request.
  Time since last request: 0.011673 seconds.
  path: Assets/ArtRes/UI/public/kuang.png
  artifactKey: Guid(cab521b7fe3463540937425b4a83d4df) Importer(815301076,1909f56bfc062723c751e8b465ee728b)
Start importing Assets/ArtRes/UI/public/kuang.png using Guid(cab521b7fe3463540937425b4a83d4df) Importer(815301076,1909f56bfc062723c751e8b465ee728b)  -> (artifact id: 'dad421daeff5d6abf5915d29652305d8') in 0.010053 seconds 
========================================================================
Received Import Request.
  Time since last request: 0.000022 seconds.
  path: Assets/ArtRes/UI/public/left.png
  artifactKey: Guid(5bce9449a3fd8a64a99e451da9bf5ce0) Importer(815301076,1909f56bfc062723c751e8b465ee728b)
Start importing Assets/ArtRes/UI/public/left.png using Guid(5bce9449a3fd8a64a99e451da9bf5ce0) Importer(815301076,1909f56bfc062723c751e8b465ee728b)  -> (artifact id: '4abe755be3bdc680901aa6f713bb145a') in 0.009443 seconds 
========================================================================
Received Import Request.
  Time since last request: 0.004686 seconds.
  path: Assets/ArtRes/UI/public/nomal_back_two.png
  artifactKey: Guid(42670eeec1650c54fa0c0cad8df0d7ed) Importer(815301076,1909f56bfc062723c751e8b465ee728b)
Start importing Assets/ArtRes/UI/public/nomal_back_two.png using Guid(42670eeec1650c54fa0c0cad8df0d7ed) Importer(815301076,1909f56bfc062723c751e8b465ee728b)  -> (artifact id: '5114d61d11382f315b7abeac6793c92e') in 0.013553 seconds 
========================================================================
Received Import Request.
  Time since last request: 0.000022 seconds.
  path: Assets/ArtRes/UI/public/nomal_buttom.png
  artifactKey: Guid(c251795628656d649bd6f4046d660017) Importer(815301076,1909f56bfc062723c751e8b465ee728b)
Start importing Assets/ArtRes/UI/public/nomal_buttom.png using Guid(c251795628656d649bd6f4046d660017) Importer(815301076,1909f56bfc062723c751e8b465ee728b)  -> (artifact id: '9b21f9d71509979e0ae393c4efaf2c8d') in 0.015405 seconds 
========================================================================
Received Import Request.
  Time since last request: 0.494621 seconds.
  path: Assets/ArtRes/UI/public/nomal_lit_red.PNG
  artifactKey: Guid(5d9a0739ac0752141bd69e8b5600153e) Importer(815301076,1909f56bfc062723c751e8b465ee728b)
Start importing Assets/ArtRes/UI/public/nomal_lit_red.PNG using Guid(5d9a0739ac0752141bd69e8b5600153e) Importer(815301076,1909f56bfc062723c751e8b465ee728b)  -> (artifact id: 'a7200ee2cb5d8397ffbea7347be5284b') in 0.011844 seconds 
========================================================================
Received Import Request.
  Time since last request: 0.009954 seconds.
  path: Assets/ArtRes/UI/btn/HUD栏/Tex_Diamond_2.0.png
  artifactKey: Guid(964b7e8cce908164588e4e7a7e6ddc9e) Importer(815301076,1909f56bfc062723c751e8b465ee728b)
Start importing Assets/ArtRes/UI/btn/HUD栏/Tex_Diamond_2.0.png using Guid(964b7e8cce908164588e4e7a7e6ddc9e) Importer(815301076,1909f56bfc062723c751e8b465ee728b)  -> (artifact id: '4848959d8d6a1461e3213b426d3d189c') in 0.012145 seconds 
========================================================================
Received Import Request.
  Time since last request: 0.000022 seconds.
  path: Assets/ArtRes/UI/btn/PVP.png
  artifactKey: Guid(e3c897babe1adb34fb5890abb15d3f38) Importer(815301076,1909f56bfc062723c751e8b465ee728b)
Start importing Assets/ArtRes/UI/btn/PVP.png using Guid(e3c897babe1adb34fb5890abb15d3f38) Importer(815301076,1909f56bfc062723c751e8b465ee728b)  -> (artifact id: '44cd306e4c9f194d473936d74aa4ec52') in 0.013975 seconds 
========================================================================
Received Import Request.
  Time since last request: 0.000041 seconds.
  path: Assets/ArtRes/UI/Role/zhujiemian_13.png
  artifactKey: Guid(7c8554a9c0dc0364abd2073d35cc5843) Importer(815301076,1909f56bfc062723c751e8b465ee728b)
Start importing Assets/ArtRes/UI/Role/zhujiemian_13.png using Guid(7c8554a9c0dc0364abd2073d35cc5843) Importer(815301076,1909f56bfc062723c751e8b465ee728b)  -> (artifact id: 'f4f48eb09b1fd29495054f3bd2f1bfb5') in 0.015242 seconds 
========================================================================
Received Import Request.
  Time since last request: 0.000021 seconds.
  path: Assets/ArtRes/UI/btn/zhujiemian_03.png
  artifactKey: Guid(1f948d4c326a1ad43a003e6399c1b1dc) Importer(815301076,1909f56bfc062723c751e8b465ee728b)
Start importing Assets/ArtRes/UI/btn/zhujiemian_03.png using Guid(1f948d4c326a1ad43a003e6399c1b1dc) Importer(815301076,1909f56bfc062723c751e8b465ee728b)  -> (artifact id: 'f7bda030a7b63795af6e1b3955e0fc8b') in 0.010579 seconds 
========================================================================
Received Import Request.
  Time since last request: 0.000032 seconds.
  path: Assets/ArtRes/UI/public/zhiye_icon.png
  artifactKey: Guid(b4c22ad80d061e5449ffb296cff48e1e) Importer(815301076,1909f56bfc062723c751e8b465ee728b)
Start importing Assets/ArtRes/UI/public/zhiye_icon.png using Guid(b4c22ad80d061e5449ffb296cff48e1e) Importer(815301076,1909f56bfc062723c751e8b465ee728b)  -> (artifact id: '1a638e68b9b3400577ecef228e56e9a1') in 0.011868 seconds 
========================================================================
Received Import Request.
  Time since last request: 0.000027 seconds.
  path: Assets/ArtRes/UI/btn/商城.png
  artifactKey: Guid(f53e895c749b51d46ade70dafedaec7c) Importer(815301076,1909f56bfc062723c751e8b465ee728b)
Start importing Assets/ArtRes/UI/btn/商城.png using Guid(f53e895c749b51d46ade70dafedaec7c) Importer(815301076,1909f56bfc062723c751e8b465ee728b)  -> (artifact id: '6510eb654e8190009daf4a6a3c56b169') in 0.009192 seconds 
========================================================================
Received Import Request.
  Time since last request: 0.000018 seconds.
  path: Assets/ArtRes/UI/btn/主角.png
  artifactKey: Guid(45ba6b8d5c013224d9dc6d1ae54d4f1b) Importer(815301076,1909f56bfc062723c751e8b465ee728b)
Start importing Assets/ArtRes/UI/btn/主角.png using Guid(45ba6b8d5c013224d9dc6d1ae54d4f1b) Importer(815301076,1909f56bfc062723c751e8b465ee728b)  -> (artifact id: '9914eb8c4b8d058a2dd79e639374b414') in 0.008297 seconds 
========================================================================
Received Import Request.
  Time since last request: 0.000025 seconds.
  path: Assets/ArtRes/UI/btn/好友.png
  artifactKey: Guid(0f1ea10c6fb31804f85c5cd6ff6ab937) Importer(815301076,1909f56bfc062723c751e8b465ee728b)
Start importing Assets/ArtRes/UI/btn/好友.png using Guid(0f1ea10c6fb31804f85c5cd6ff6ab937) Importer(815301076,1909f56bfc062723c751e8b465ee728b)  -> (artifact id: '3b0aeaff2395638d8331827cc980fa00') in 0.010319 seconds 
========================================================================
Received Import Request.
  Time since last request: 0.000026 seconds.
  path: Assets/ArtRes/UI/btn/福利.png
  artifactKey: Guid(e8b2009ffcb1b7147bcc2fd85bf24541) Importer(815301076,1909f56bfc062723c751e8b465ee728b)
Start importing Assets/ArtRes/UI/btn/福利.png using Guid(e8b2009ffcb1b7147bcc2fd85bf24541) Importer(815301076,1909f56bfc062723c751e8b465ee728b)  -> (artifact id: '47cb3ba8ab53e909dd3544f35f77164b') in 0.009056 seconds 
========================================================================
Received Import Request.
  Time since last request: 0.000016 seconds.
  path: Assets/ArtRes/UI/btn/技能.png
  artifactKey: Guid(75ac012e6754dee4ea409a9f68aa84a2) Importer(815301076,1909f56bfc062723c751e8b465ee728b)
Start importing Assets/ArtRes/UI/btn/技能.png using Guid(75ac012e6754dee4ea409a9f68aa84a2) Importer(815301076,1909f56bfc062723c751e8b465ee728b)  -> (artifact id: '341f9a6cca0bbf13deaff53d851923d8') in 0.010470 seconds 
========================================================================
Received Import Request.
  Time since last request: 0.000025 seconds.
  path: Assets/ArtRes/UI/btn/翅膀.png
  artifactKey: Guid(727cbef1c73355b4a87f9d95323516b8) Importer(815301076,1909f56bfc062723c751e8b465ee728b)
Start importing Assets/ArtRes/UI/btn/翅膀.png using Guid(727cbef1c73355b4a87f9d95323516b8) Importer(815301076,1909f56bfc062723c751e8b465ee728b)  -> (artifact id: '6054d618b75d628ccd32a1a0654c5b11') in 0.009545 seconds 
========================================================================
Received Import Request.
  Time since last request: 0.000021 seconds.
  path: Assets/ArtRes/UI/btn/冒险.png
  artifactKey: Guid(39723c3c172fd314fb06499db03f5f18) Importer(815301076,1909f56bfc062723c751e8b465ee728b)
Start importing Assets/ArtRes/UI/btn/冒险.png using Guid(39723c3c172fd314fb06499db03f5f18) Importer(815301076,1909f56bfc062723c751e8b465ee728b)  -> (artifact id: '75d9acf1b996c1ecf1aa183e593f1bb3') in 0.010317 seconds 
========================================================================
Received Import Request.
  Time since last request: 0.000023 seconds.
  path: Assets/ArtRes/UI/public/nomal_top.png
  artifactKey: Guid(d28d7cde0ef749b41af23170417d08e5) Importer(815301076,1909f56bfc062723c751e8b465ee728b)
Start importing Assets/ArtRes/UI/public/nomal_top.png using Guid(d28d7cde0ef749b41af23170417d08e5) Importer(815301076,1909f56bfc062723c751e8b465ee728b)  -> (artifact id: '027989fc3f39444d06513e5bc250053f') in 0.012171 seconds 
========================================================================
Received Import Request.
  Time since last request: 0.000025 seconds.
  path: Assets/ArtRes/UI/btn/HUD栏/Tex_Power_2.0.png
  artifactKey: Guid(08c3f4b841ca8e04995f69854d2ca908) Importer(815301076,1909f56bfc062723c751e8b465ee728b)
Start importing Assets/ArtRes/UI/btn/HUD栏/Tex_Power_2.0.png using Guid(08c3f4b841ca8e04995f69854d2ca908) Importer(815301076,1909f56bfc062723c751e8b465ee728b)  -> (artifact id: 'e569530909e387eafcc2808eb33590d0') in 0.009426 seconds 
========================================================================
Received Import Request.
  Time since last request: 0.000027 seconds.
  path: Assets/ArtRes/UI/btn/签到.png
  artifactKey: Guid(d1befca215d4f8a4f819b12181c6e60f) Importer(815301076,1909f56bfc062723c751e8b465ee728b)
Start importing Assets/ArtRes/UI/btn/签到.png using Guid(d1befca215d4f8a4f819b12181c6e60f) Importer(815301076,1909f56bfc062723c751e8b465ee728b)  -> (artifact id: '9e8e38308cbc67b8a8daa00a5d112123') in 0.010461 seconds 
========================================================================
Received Import Request.
  Time since last request: 0.000035 seconds.
  path: Assets/ArtRes/UI/btn/宠物.png
  artifactKey: Guid(da135848913e44d4288dd36c21f834d3) Importer(815301076,1909f56bfc062723c751e8b465ee728b)
Start importing Assets/ArtRes/UI/btn/宠物.png using Guid(da135848913e44d4288dd36c21f834d3) Importer(815301076,1909f56bfc062723c751e8b465ee728b)  -> (artifact id: '048a32b94a3ced358b5a6288a5b2da45') in 0.011706 seconds 
========================================================================
Received Import Request.
  Time since last request: 0.000028 seconds.
  path: Assets/ArtRes/UI/btn/充值.png
  artifactKey: Guid(7ac92b36148a80c459c345ec0d4cde2d) Importer(815301076,1909f56bfc062723c751e8b465ee728b)
Start importing Assets/ArtRes/UI/btn/充值.png using Guid(7ac92b36148a80c459c345ec0d4cde2d) Importer(815301076,1909f56bfc062723c751e8b465ee728b)  -> (artifact id: '4bc1ac20860c4855ab760d789077a2ec') in 0.009647 seconds 
========================================================================
Received Import Request.
  Time since last request: 1.668795 seconds.
  path: Assets/ArtRes/UI/btn/酒馆.png
  artifactKey: Guid(b66b32b1957bbcd45b19eda761aa6c18) Importer(815301076,1909f56bfc062723c751e8b465ee728b)
Start importing Assets/ArtRes/UI/btn/酒馆.png using Guid(b66b32b1957bbcd45b19eda761aa6c18) Importer(815301076,1909f56bfc062723c751e8b465ee728b)  -> (artifact id: 'c150cfaa191ce251753fd3b9ccf2eb12') in 0.010334 seconds 
Editor requested this worker to shutdown with reason: Scaling down because of idle timeout
AssetImportWorkerClient::OnTransportError - code=2 error=End of file
AssetImportWorker is now disconnected from the server
Process exiting
Exiting without the bug reporter. Application will terminate with return code 0